Determining if the pthread_create exist failed with the following output:
Change Dir: /home/ubuntu/catkin_ws/build/CMakeFiles/CMakeTmp

Run Build Command:/usr/bin/make "cmTryCompileExec598513651/fast"
/usr/bin/make -f CMakeFiles/cmTryCompileExec598513651.dir/build.make CMakeFiles/cmTryCompileExec598513651.dir/build
make[1]: Entering directory `/home/ubuntu/catkin_ws/build/CMakeFiles/CMakeTmp'
/usr/bin/cmake -E cmake_progress_report /home/ubuntu/catkin_ws/build/CMakeFiles/CMakeTmp/CMakeFiles 1
Building C object CMakeFiles/cmTryCompileExec598513651.dir/CheckSymbolExists.c.o
/usr/bin/cc    -o CMakeFiles/cmTryCompileExec598513651.dir/CheckSymbolExists.c.o   -c /home/ubuntu/catkin_ws/build/CMakeFiles/CMakeTmp/CheckSymbolExists.c
Linking C executable cmTryCompileExec598513651
/usr/bin/cmake -E cmake_link_script CMakeFiles/cmTryCompileExec598513651.dir/link.txt --verbose=1
/usr/bin/cc       CMakeFiles/cmTryCompileExec598513651.dir/CheckSymbolExists.c.o  -o cmTryCompileExec598513651 -rdynamic 
CMakeFiles/cmTryCompileExec598513651.dir/CheckSymbolExists.c.o: In function `main':
CheckSymbolExists.c:(.text+0xe): undefined reference to `pthread_create'
CheckSymbolExists.c:(.text+0x12): undefined reference to `pthread_create'
collect2: error: ld returned 1 exit status
make[1]: Leaving directory `/home/ubuntu/catkin_ws/build/CMakeFiles/CMakeTmp'
make[1]: *** [cmTryCompileExec598513651] Error 1
make: *** [cmTryCompileExec598513651/fast] Error 2

File /home/ubuntu/catkin_ws/build/CMakeFiles/CMakeTmp/CheckSymbolExists.c:
/* */
#include <pthread.h>

int main(int argc, char** argv)
{
  (void)argv;
#ifndef pthread_create
  return ((int*)(&pthread_create))[argc];
#else
  (void)argc;
  return 0;
#endif
}

Determining if the function pthread_create exists in the pthreads failed with the following output:
Change Dir: /home/ubuntu/catkin_ws/build/CMakeFiles/CMakeTmp

Run Build Command:/usr/bin/make "cmTryCompileExec568790510/fast"
/usr/bin/make -f CMakeFiles/cmTryCompileExec568790510.dir/build.make CMakeFiles/cmTryCompileExec568790510.dir/build
make[1]: Entering directory `/home/ubuntu/catkin_ws/build/CMakeFiles/CMakeTmp'
/usr/bin/cmake -E cmake_progress_report /home/ubuntu/catkin_ws/build/CMakeFiles/CMakeTmp/CMakeFiles 1
Building C object CMakeFiles/cmTryCompileExec568790510.dir/CheckFunctionExists.c.o
/usr/bin/cc   -DCHECK_FUNCTION_EXISTS=pthread_create   -o CMakeFiles/cmTryCompileExec568790510.dir/CheckFunctionExists.c.o   -c /usr/share/cmake-2.8/Modules/CheckFunctionExists.c
Linking C executable cmTryCompileExec568790510
/usr/bin/cmake -E cmake_link_script CMakeFiles/cmTryCompileExec568790510.dir/link.txt --verbose=1
/usr/bin/cc   -DCHECK_FUNCTION_EXISTS=pthread_create    CMakeFiles/cmTryCompileExec568790510.dir/CheckFunctionExists.c.o  -o cmTryCompileExec568790510 -rdynamic -lpthreads 
/usr/bin/ld: cannot find -lpthreads
collect2: error: ld returned 1 exit status
make[1]: Leaving directory `/home/ubuntu/catkin_ws/build/CMakeFiles/CMakeTmp'
make[1]: *** [cmTryCompileExec568790510] Error 1
make: *** [cmTryCompileExec568790510/fast] Error 2


